<?xml version="1.0" encoding="UTF-8"?>
<!-- Generated by org.testng.reporters.JUnitXMLReporter -->
<testsuite hostname="ip-172-31-99-111.ap-south-1.compute.internal" ignored="0" name="Default test" tests="6" failures="0" timestamp="21 Jan 2020 08:52:38 GMT" time="7.392" errors="0">
  <testcase name="CreateChannel" time="2.584" classname="com.plivo.test.PlivoAPIautomation.ChannelTestCases"/>
  <testcase name="archiveChannels" time="0.918" classname="com.plivo.test.PlivoAPIautomation.ChannelTestCases"/>
  <testcase name="joinChannel" time="0.735" classname="com.plivo.test.PlivoAPIautomation.ChannelTestCases"/>
  <testcase name="listAllChannels" time="1.24" classname="com.plivo.test.PlivoAPIautomation.ChannelTestCases"/>
  <testcase name="renameChannel" time="0.579" classname="com.plivo.test.PlivoAPIautomation.ChannelTestCases"/>
  <testcase name="vlidateArchiveChannels" time="0.717" classname="com.plivo.test.PlivoAPIautomation.ChannelTestCases"/>
</testsuite> <!-- Default test -->
